[debug] [2018-02-09T22:35:56.071Z] ----------------------------------------------------------------------
[debug] [2018-02-09T22:35:56.073Z] Command:       C:\Program Files\nodejs\node.exe C:\Users\hp\AppData\Roaming\npm\node_modules\firebase-tools\bin\firebase deploy
[debug] [2018-02-09T22:35:56.074Z] CLI Version:   3.16.0
[debug] [2018-02-09T22:35:56.074Z] Platform:      win32
[debug] [2018-02-09T22:35:56.074Z] Node Version:  v8.5.0
[debug] [2018-02-09T22:35:56.075Z] Time:          Fri Feb 09 2018 17:35:56 GMT-0500 (Hora est. Pacífico, Sudamérica)
[debug] [2018-02-09T22:35:56.075Z] ----------------------------------------------------------------------
[debug] 
[debug] [2018-02-09T22:35:56.088Z] > command requires scopes: ["email","openid","https://www.googleapis.com/auth/cloudplatformprojects.readonly","https://www.googleapis.com/auth/firebase","https://www.googleapis.com/auth/cloud-platform"]
[debug] [2018-02-09T22:35:56.088Z] > authorizing via signed-in user
[debug] [2018-02-09T22:35:56.091Z] > refreshing access token with scopes: ["email","https://www.googleapis.com/auth/cloud-platform","https://www.googleapis.com/auth/cloudplatformprojects.readonly","https://www.googleapis.com/auth/firebase","openid"]
[debug] [2018-02-09T22:35:56.091Z] >>> HTTP REQUEST POST https://www.googleapis.com/oauth2/v3/token  
 { refresh_token: '1/gyIBYvROrECFZ6QWgTQPOr-g0bttcoFSJ6HCTBQhqkuXeJBIVH2Q5AgRC1bQnauy',
  client_id: '563584335869-fgrhgmd47bqnekij5i8b5pr03ho849e6.apps.googleusercontent.com',
  client_secret: 'j9iVZfS8kkCEFUPaAeJV0sAi',
  grant_type: 'refresh_token',
  scope: 'email https://www.googleapis.com/auth/cloud-platform https://www.googleapis.com/auth/cloudplatformprojects.readonly https://www.googleapis.com/auth/firebase openid' } 
 Fri Feb 09 2018 17:35:56 GMT-0500 (Hora est. Pacífico, Sudamérica)
[debug] [2018-02-09T22:35:56.519Z] <<< HTTP RESPONSE 200
[debug] [2018-02-09T22:35:56.528Z] >>> HTTP REQUEST GET https://admin.firebase.com/v1/projects/mas-play  
  
 Fri Feb 09 2018 17:35:56 GMT-0500 (Hora est. Pacífico, Sudamérica)
[debug] [2018-02-09T22:35:57.165Z] <<< HTTP RESPONSE 200
[debug] [2018-02-09T22:35:57.166Z] >>> HTTP REQUEST GET https://admin.firebase.com/v1/database/mas-play/tokens  
  
 Fri Feb 09 2018 17:35:57 GMT-0500 (Hora est. Pacífico, Sudamérica)
[debug] [2018-02-09T22:35:57.661Z] <<< HTTP RESPONSE 200
[info] 
[info] === Deploying to 'mas-play'...
[info] 
[info] i  deploying hosting
[info] i  hosting: preparing build directory for upload...
[debug] [2018-02-09T22:36:02.494Z] >>> HTTP REQUEST PUT https://deploy.firebase.com/v1/hosting/mas-play/uploads/-L4whVSMQL7QmREQUJVm?fileCount=44&message=  
  
 Fri Feb 09 2018 17:36:02 GMT-0500 (Hora est. Pacífico, Sudamérica)
